SF:lib/shared/config/app_config.dart
DA:21,2
DA:23,2
DA:26,2
DA:30,2
DA:32,2
DA:33,2
DA:36,1
DA:37,0
DA:38,0
DA:39,0
DA:43,2
DA:48,2
DA:56,0
DA:61,1
DA:63,1
DA:64,2
DA:66,0
DA:71,1
DA:74,2
DA:77,2
DA:80,1
DA:90,2
LF:22
LH:17
end_of_record
SF:lib/app/di/injection_container.dart
DA:25,0
DA:31,0
DA:34,0
DA:37,0
DA:38,0
DA:39,0
DA:42,0
DA:45,0
DA:46,0
DA:47,0
DA:48,0
DA:52,0
DA:53,0
LF:13
LH:0
end_of_record
SF:lib/shared/infrastructure/network/api_client.dart
DA:11,0
DA:12,0
DA:15,0
DA:22,0
DA:28,0
DA:32,0
DA:33,0
DA:34,0
DA:39,0
DA:45,0
DA:46,0
DA:47,0
DA:48,0
DA:53,0
DA:59,0
DA:60,0
DA:61,0
DA:62,0
DA:67,0
DA:69,0
DA:70,0
DA:71,0
DA:76,0
DA:77,0
DA:78,0
DA:79,0
DA:80,0
DA:81,0
DA:82,0
DA:83,0
DA:84,0
DA:85,0
DA:87,0
DA:88,0
DA:90,0
DA:100,0
DA:102,0
DA:103,0
LF:38
LH:0
end_of_record
SF:lib/shared/infrastructure/storage/token_storage_service.dart
DA:22,1
DA:27,2
DA:28,2
DA:29,2
DA:31,0
DA:36,1
DA:37,2
DA:41,1
DA:42,2
DA:46,0
DA:47,0
DA:49,0
DA:55,1
DA:56,1
DA:59,0
DA:60,0
DA:68,0
DA:69,0
DA:72,0
DA:73,0
DA:77,1
DA:78,2
DA:79,2
DA:80,2
DA:81,2
DA:86,0
DA:87,0
LF:27
LH:15
end_of_record
SF:lib/shared/infrastructure/external_services/oauth_service.dart
DA:31,0
DA:35,0
DA:38,0
DA:41,0
DA:45,0
DA:49,0
DA:51,0
DA:52,0
DA:53,0
DA:56,0
DA:58,0
DA:60,0
DA:63,0
DA:66,0
DA:68,0
DA:71,0
DA:72,0
DA:73,0
DA:76,0
DA:77,0
DA:78,0
DA:80,0
DA:81,0
DA:82,0
DA:88,0
DA:92,0
DA:93,0
DA:101,0
DA:103,0
DA:104,0
LF:30
LH:0
end_of_record
SF:lib/domains/auth/domain/repositories/auth_repository.dart
DA:39,0
DA:44,0
DA:45,0
LF:3
LH:0
end_of_record
SF:lib/domains/auth/data/repositories/auth_repository_impl.dart
DA:12,0
DA:14,0
DA:17,0
DA:19,0
DA:23,0
DA:27,0
DA:31,0
DA:34,0
DA:36,0
DA:40,0
DA:44,0
DA:48,0
DA:51,0
DA:53,0
DA:62,0
DA:65,0
DA:67,0
DA:68,0
DA:73,0
LF:19
LH:0
end_of_record
SF:lib/domains/auth/services/auth_service.dart
DA:15,0
DA:24,0
DA:27,0
DA:30,0
DA:33,0
DA:34,0
DA:35,0
DA:36,0
DA:42,0
DA:47,0
DA:50,0
DA:53,0
DA:56,0
DA:57,0
DA:58,0
DA:59,0
DA:65,0
DA:70,0
DA:73,0
DA:76,0
DA:79,0
DA:84,0
DA:87,0
DA:90,0
DA:95,0
DA:98,0
DA:104,0
DA:106,0
DA:121,0
DA:127,0
DA:129,0
DA:134,0
LF:32
LH:0
end_of_record
SF:lib/domains/auth/presentation/controllers/auth_controller.dart
DA:12,0
DA:15,0
DA:20,0
DA:21,0
DA:22,0
DA:28,0
DA:29,0
DA:30,0
DA:36,0
DA:37,0
DA:44,0
DA:45,0
DA:52,0
DA:53,0
DA:60,0
DA:61,0
DA:68,0
DA:73,0
DA:75,0
DA:77,0
DA:79,0
DA:80,0
DA:81,0
DA:89,0
DA:90,0
DA:93,0
DA:95,0
DA:102,0
DA:103,0
DA:106,0
DA:108,0
DA:115,0
DA:117,0
DA:119,0
DA:121,0
DA:123,0
DA:124,0
DA:130,0
DA:131,0
DA:132,0
DA:139,2
DA:141,0
DA:142,0
DA:147,2
DA:152,2
DA:157,0
DA:161,0
DA:162,0
DA:167,2
DA:177,0
DA:178,0
LF:51
LH:4
end_of_record
SF:lib/domains/auth/domain/entities/user.dart
DA:8,0
DA:31,0
DA:34,0
DA:37,0
DA:48,0
DA:49,0
DA:50,0
DA:51,0
DA:52,0
DA:53,0
DA:54,0
DA:55,0
DA:56,0
DA:57,0
DA:61,0
DA:62,0
DA:63,0
DA:64,0
DA:65,0
DA:66,0
DA:67,0
DA:68,0
DA:69,0
DA:70,0
DA:71,0
DA:74,0
DA:76,0
DA:80,0
DA:81,0
DA:82,0
DA:83,0
DA:84,0
DA:85,0
DA:86,0
DA:87,0
DA:88,0
DA:89,0
DA:91,0
DA:92,0
DA:97,0
DA:98,0
DA:99,0
DA:100,0
DA:101,0
DA:102,0
DA:103,0
DA:104,0
DA:105,0
DA:106,0
DA:107,0
LF:50
LH:0
end_of_record
SF:lib/shared/config/oauth_config.dart
DA:11,2
DA:12,1
DA:13,1
DA:18,1
DA:19,1
DA:24,1
DA:25,1
DA:33,1
DA:34,3
DA:38,1
DA:41,2
DA:51,1
DA:59,1
DA:60,1
DA:62,1
DA:63,1
DA:64,1
DA:66,1
DA:69,1
DA:70,7
DA:71,1
DA:73,3
LF:22
LH:22
end_of_record
SF:lib/shared/utils/global_context.dart
DA:7,0
DA:10,0
DA:13,0
DA:14,0
DA:16,0
DA:22,0
DA:23,0
DA:25,0
LF:8
LH:0
end_of_record
SF:lib/shared/infrastructure/external_services/oauth_webview.dart
DA:14,0
DA:22,0
DA:23,0
DA:30,0
DA:32,0
DA:33,0
DA:36,0
DA:37,0
DA:38,0
DA:39,0
DA:40,0
DA:41,0
DA:42,0
DA:43,0
DA:46,0
DA:47,0
DA:48,0
DA:51,0
DA:53,0
DA:54,0
DA:61,0
DA:65,0
DA:67,0
DA:71,0
DA:73,0
DA:74,0
DA:77,0
DA:78,0
DA:79,0
DA:80,0
DA:85,0
DA:86,0
DA:87,0
DA:92,0
DA:93,0
DA:94,0
DA:99,0
DA:102,0
DA:106,0
DA:108,0
DA:109,0
DA:111,0
DA:113,0
DA:114,0
DA:118,0
DA:119,0
DA:120,0
DA:121,0
DA:122,0
LF:49
LH:0
end_of_record
